<?xml version="1.0" encoding="UTF-8"?>
<testng-results ignored="0" total="1" passed="1" failed="0" skipped="0">
  <reporter-output>
  </reporter-output>
  <suite started-at="2026-02-20T03:47:50 GMT-06:00" name="Default suite" finished-at="2026-02-20T03:47:53 GMT-06:00" duration-ms="3405">
    <groups>
    </groups>
    <test started-at="2026-02-20T03:47:50 GMT-06:00" name="Default test" finished-at="2026-02-20T03:47:53 GMT-06:00" duration-ms="3405">
      <class name="RestApi.DeleteProduct">
        <test-method signature="deleteProduct()[pri:0, instance:RestApi.DeleteProduct@618b19ad]" started-at="2026-02-20T03:47:50 GMT-06:00" name="deleteProduct" finished-at="2026-02-20T03:47:53 GMT-06:00" duration-ms="3340" status="PASS">
          <reporter-output>
          </reporter-output>
        </test-method> <!-- deleteProduct -->
      </class> <!-- RestApi.DeleteProduct -->
    </test> <!-- Default test -->
  </suite> <!-- Default suite -->
</testng-results>
