<?xml version="1.0" encoding="UTF-8"?>
<testng-results ignored="0" total="1" passed="1" failed="0" skipped="0">
  <reporter-output>
  </reporter-output>
  <suite started-at="2026-02-16T10:25:40 GMT-06:00" name="Default suite" finished-at="2026-02-16T10:26:07 GMT-06:00" duration-ms="26572">
    <groups>
    </groups>
    <test started-at="2026-02-16T10:25:40 GMT-06:00" name="Default test" finished-at="2026-02-16T10:26:07 GMT-06:00" duration-ms="26572">
      <class name="Testngg.GoogleAnnotations">
        <test-method is-config="true" signature="beforeSuite()[pri:0, instance:Testngg.GoogleAnnotations@49438269]" started-at="2026-02-16T10:25:40 GMT-06:00" name="beforeSuite" finished-at="2026-02-16T10:25:40 GMT-06:00" duration-ms="10" status="PASS">
          <reporter-output>
          </reporter-output>
        </test-method> <!-- beforeSuite -->
        <test-method is-config="true" signature="beforeTest()[pri:0, instance:Testngg.GoogleAnnotations@49438269]" started-at="2026-02-16T10:25:40 GMT-06:00" name="beforeTest" finished-at="2026-02-16T10:25:40 GMT-06:00" duration-ms="1" status="PASS">
          <reporter-output>
          </reporter-output>
        </test-method> <!-- beforeTest -->
        <test-method is-config="true" signature="beforeClass()[pri:0, instance:Testngg.GoogleAnnotations@49438269]" started-at="2026-02-16T10:25:40 GMT-06:00" name="beforeClass" finished-at="2026-02-16T10:26:03 GMT-06:00" duration-ms="23217" status="PASS">
          <reporter-output>
          </reporter-output>
        </test-method> <!-- beforeClass -->
        <test-method is-config="true" signature="beforeMethod()[pri:0, instance:Testngg.GoogleAnnotations@49438269]" started-at="2026-02-16T10:26:03 GMT-06:00" name="beforeMethod" finished-at="2026-02-16T10:26:04 GMT-06:00" duration-ms="950" status="PASS">
          <reporter-output>
          </reporter-output>
        </test-method> <!-- beforeMethod -->
        <test-method signature="searchTest()[pri:0, instance:Testngg.GoogleAnnotations@49438269]" started-at="2026-02-16T10:26:04 GMT-06:00" name="searchTest" finished-at="2026-02-16T10:26:06 GMT-06:00" duration-ms="2088" status="PASS">
          <reporter-output>
          </reporter-output>
        </test-method> <!-- searchTest -->
        <test-method is-config="true" signature="afterMethod()[pri:0, instance:Testngg.GoogleAnnotations@49438269]" started-at="2026-02-16T10:26:06 GMT-06:00" name="afterMethod" finished-at="2026-02-16T10:26:07 GMT-06:00" duration-ms="66" status="PASS">
          <reporter-output>
          </reporter-output>
        </test-method> <!-- afterMethod -->
        <test-method is-config="true" signature="afterClass()[pri:0, instance:Testngg.GoogleAnnotations@49438269]" started-at="2026-02-16T10:26:07 GMT-06:00" name="afterClass" finished-at="2026-02-16T10:26:07 GMT-06:00" duration-ms="210" status="PASS">
          <reporter-output>
          </reporter-output>
        </test-method> <!-- afterClass -->
        <test-method is-config="true" signature="afterTest()[pri:0, instance:Testngg.GoogleAnnotations@49438269]" started-at="2026-02-16T10:26:07 GMT-06:00" name="afterTest" finished-at="2026-02-16T10:26:07 GMT-06:00" duration-ms="1" status="PASS">
          <reporter-output>
          </reporter-output>
        </test-method> <!-- afterTest -->
        <test-method is-config="true" signature="afterSuite()[pri:0, instance:Testngg.GoogleAnnotations@49438269]" started-at="2026-02-16T10:26:07 GMT-06:00" name="afterSuite" finished-at="2026-02-16T10:26:07 GMT-06:00" duration-ms="0" status="PASS">
          <reporter-output>
          </reporter-output>
        </test-method> <!-- afterSuite -->
      </class> <!-- Testngg.GoogleAnnotations -->
    </test> <!-- Default test -->
  </suite> <!-- Default suite -->
</testng-results>
