<?xml version="1.0" encoding="UTF-8"?>
<!-- Generated by org.testng.reporters.JUnitReportReporter -->
<testsuite hostname="Banty" failures="0" tests="3" name="TestNg.DataDrivenTesting" time="20.207" errors="0" timestamp="2026-02-17T09:50:35 GMT-06:00" skipped="0">
  <testcase classname="TestNg.DataDrivenTesting" name="loginTest" time="6.334"/>
  <testcase classname="TestNg.DataDrivenTesting" name="loginTest" time="6.515"/>
  <testcase classname="TestNg.DataDrivenTesting" name="loginTest" time="7.358"/>
</testsuite> <!-- TestNg.DataDrivenTesting -->
