<?xml version="1.0" encoding="UTF-8"?>
<!-- Generated by org.testng.reporters.JUnitReportReporter -->
<testsuite hostname="Banty" failures="0" tests="5" name="RestApi.BookingTest" time="10.511" errors="0" timestamp="2026-02-20T01:35:26 GMT-06:00" skipped="0">
  <testcase classname="RestApi.BookingTest" name="createToken" time="5.183"/>
  <testcase classname="RestApi.BookingTest" name="createBooking" time="1.275"/>
  <testcase classname="RestApi.BookingTest" name="getBooking" time="1.372"/>
  <testcase classname="RestApi.BookingTest" name="updateBooking" time="1.326"/>
  <testcase classname="RestApi.BookingTest" name="deleteBooking" time="1.355"/>
</testsuite> <!-- RestApi.BookingTest -->
