<?xml version="1.0" encoding="UTF-8"?>
<!-- Generated by org.testng.reporters.JUnitReportReporter -->
<testsuite hostname="Banty" failures="0" tests="3" name="PageObjectModel.LogintestSQLl" time="11.415" errors="0" timestamp="2026-02-17T23:30:28 GMT-06:00" skipped="0">
  <testcase classname="PageObjectModel.LogintestSQLl" name="loginTest" time="3.968"/>
  <testcase classname="PageObjectModel.LogintestSQLl" name="loginTest" time="3.417"/>
  <testcase classname="PageObjectModel.LogintestSQLl" name="loginTest" time="4.030"/>
</testsuite> <!-- PageObjectModel.LogintestSQLl -->
