<?xml version="1.0" encoding="UTF-8"?>
<!-- Generated by org.testng.reporters.JUnitReportReporter -->
<testsuite hostname="Banty" failures="0" tests="3" name="PageObjectModel.LoginTestCSV" time="13.492" errors="0" timestamp="2026-02-18T00:18:48 GMT-06:00" skipped="0">
  <testcase classname="PageObjectModel.LoginTestCSV" name="loginTest" time="5.069"/>
  <testcase classname="PageObjectModel.LoginTestCSV" name="loginTest" time="3.991"/>
  <testcase classname="PageObjectModel.LoginTestCSV" name="loginTest" time="4.432"/>
</testsuite> <!-- PageObjectModel.LoginTestCSV -->
